build/outputs/logs/manifest-merger-debug-report.txt
-- Merging decision tree log ---
manifest
ADDED from AndroidManifest.xml:2:1-26:12
	package
		ADDED from AndroidManifest.xml:3:5-37
	android:versionName
		ADDED from AndroidManifest.xml:5:5-30
		INJECTED from AndroidManifest.xml
		INJECTED from AndroidManifest.xml
	android:versionCode
		ADDED from AndroidManifest.xml:4:5-28
		INJECTED from AndroidManifest.xml
		INJECTED from AndroidManifest.xml
	xmlns:android
		ADDED from AndroidManifest.xml:2:11-69
uses-sdk
ADDED from AndroidManifest.xml:7:5-9:41
	android:targetSdkVersion
		ADDED from AndroidManifest.xml:9:9-38
	android:minSdkVersion
		ADDED from AndroidManifest.xml:8:9-35
application
ADDED from AndroidManifest.xml:11:5-24:19
	android:label
		ADDED from AndroidManifest.xml:14:9-41
	android:allowBackup
		ADDED from AndroidManifest.xml:12:9-35
	android:icon
		ADDED from AndroidManifest.xml:13:9-45
	android:theme
		ADDED from AndroidManifest.xml:15:9-51
activity#cn.migu.robot.activity.MiDuChatWelcomeActivity
ADDED from AndroidManifest.xml:17:9-23:20
	android:name
		ADDED from AndroidManifest.xml:18:13-74
intent-filter#android.intent.action.MAIN+android.intent.category.LAUNCHER
ADDED from AndroidManifest.xml:19:13-22:29
action#android.intent.action.MAIN
ADDED from AndroidManifest.xml:20:17-69
	android:name
		ADDED from AndroidManifest.xml:20:25-66
category#android.intent.category.LAUNCHER
ADDED from AndroidManifest.xml:21:17-77
	android:name
		ADDED from AndroidManifest.xml:21:27-74